#
# There is insufficient memory for the Java Runtime Environment to continue.
# Native memory allocation (mmap) failed to map 266338304 bytes for Failed to commit area from 0x0000000702c00000 to 0x0000000712a00000 of length 266338304.
# Possible reasons:
#   The system is out of physical RAM or swap space
#   The process is running with CompressedOops enabled, and the Java Heap may be blocking the growth of the native heap
# Possible solutions:
#   Reduce memory load on the system
#   Increase physical memory or swap space
#   Check if swap backing store is full
#   Decrease Java heap size (-Xmx/-Xms)
#   Decrease number of Java threads
#   Decrease Java thread stack sizes (-Xss)
#   Set larger code cache with -XX:ReservedCodeCacheSize=
# This output file may be truncated or incomplete.
#
#  Out of Memory Error (./src/hotspot/os/windows/os_windows.cpp:3511), pid=272804, tid=272588
#
# JRE version:  (11.0.11+9) (build )
# Java VM: OpenJDK 64-Bit Server VM (11.0.11+9-b1504.13, mixed mode, sharing, tiered, compressed oops, g1 gc, windows-amd64)
# No core dump will be written. Minidumps are not enabled by default on client versions of Windows
#

---------------  S U M M A R Y ------------

Command Line: git4idea.http.GitAskPassApp Username for 'https://github.com': 

Host: Intel(R) Core(TM) i7-10750H CPU @ 2.60GHz, 12 cores, 15G,  Windows 10 , 64 bit Build 19041 (10.0.19041.1645)
Time: Thu May  5 22:35:06 2022 Arab Standard Time elapsed time: 0.038686 seconds (0d 0h 0m 0s)

---------------  T H R E A D  ---------------

Current thread (0x000001d37e50d000):  JavaThread "Unknown thread" [_thread_in_vm, id=272588, stack(0x000000526b200000,0x000000526b300000)]

Stack: [0x000000526b200000,0x000000526b300000]
Native frames: (J=compiled Java code, j=interpreted, Vv=VM code, C=native code)
V  [jvm.dll+0x5f5d5a]
V  [jvm.dll+0x7798b5]
V  [jvm.dll+0x77aecd]
V  [jvm.dll+0x77b583]
V  [jvm.dll+0x244978]
V  [jvm.dll+0x5f3174]
V  [jvm.dll+0x5e7d55]
V  [jvm.dll+0x30068b]
V  [jvm.dll+0x3005fa]
V  [jvm.dll+0x3004d2]
V  [jvm.dll+0x3053c6]
V  [jvm.dll+0x34e0a3]
V  [jvm.dll+0x34e7a6]
V  [jvm.dll+0x34e1a3]
V  [jvm.dll+0x2db0c8]
V  [jvm.dll+0x2dc267]
V  [jvm.dll+0x758057]
V  [jvm.dll+0x75984c]
V  [jvm.dll+0x35b659]
V  [jvm.dll+0x73b67e]
V  [jvm.dll+0x3c39f3]
V  [jvm.dll+0x3c5dd1]
C  [jli.dll+0x5373]
C  [ucrtbase.dll+0x21bb2]
C  [KERNEL32.DLL+0x17034]
C  [ntdll.dll+0x52651]


---------------  P R O C E S S  ---------------

Threads class SMR info:
_java_thread_list=0x000001d37c3204c0, length=0, elements={
}

Java Threads: ( => current thread )

Other Threads:
  0x000001d37e527000 GCTaskThread "GC Thread#0" [stack: 0x000000526b300000,0x000000526b400000] [id=272772]
  0x000001d37e583800 ConcurrentGCThread "G1 Main Marker" [stack: 0x000000526b400000,0x000000526b500000] [id=272548]
  0x000001d37e585000 ConcurrentGCThread "G1 Conc#0" [stack: 0x000000526b500000,0x000000526b600000] [id=272712]

[error occurred during error reporting (printing all threads), id 0xc0000005, EXCEPTION_ACCESS_VIOLATION (0xc0000005) at pc=0x00007ffcccc9b8f7]

VM state:not at safepoint (not fully initialized)

VM Mutex/Monitor currently owned by a thread:  ([mutex/lock_event])
[0x000001d37e5099c0] Heap_lock - owner thread: 0x000001d37e50d000

Heap address: 0x0000000702c00000, size: 4052 MB, Compressed Oops mode: Non-zero based: 0x0000000702c00000
Narrow klass base: 0x0000000000000000, Narrow klass shift: 0

GC Heap History (0 events):
No events

Deoptimization events (0 events):
No events

Classes redefined (0 events):
No events

Internal exceptions (0 events):
No events

Events (1 events):
Event: 0.026 Loaded shared library C:\Program Files\JetBrains\WebStorm 2021.2\jbr\bin\zip.dll


Dynamic libraries:
0x00007ff66d890000 - 0x00007ff66d89a000 	C:\Program Files\JetBrains\WebStorm 2021.2\jbr\bin\java.exe
0x00007ffd7dcf0000 - 0x00007ffd7dee5000 	C:\WINDOWS\SYSTEM32\ntdll.dll
0x00007ffd7d240000 - 0x00007ffd7d2fe000 	C:\WINDOWS\System32\KERNEL32.DLL
0x00007ffd7b570000 - 0x00007ffd7b838000 	C:\WINDOWS\System32\KERNELBASE.dll
0x00007ffd7b980000 - 0x00007ffd7ba80000 	C:\WINDOWS\System32\ucrtbase.dll
0x00007ffd62890000 - 0x00007ffd628a9000 	C:\Program Files\JetBrains\WebStorm 2021.2\jbr\bin\jli.dll
0x00007ffd5c950000 - 0x00007ffd5c967000 	C:\Program Files\JetBrains\WebStorm 2021.2\jbr\bin\VCRUNTIME140.dll
0x00007ffd7c770000 - 0x00007ffd7c910000 	C:\WINDOWS\System32\USER32.dll
0x00007ffd7ba80000 - 0x00007ffd7baa2000 	C:\WINDOWS\System32\win32u.dll
0x00007ffd7d3d0000 - 0x00007ffd7d3fa000 	C:\WINDOWS\System32\GDI32.dll
0x00007ffd7bbb0000 - 0x00007ffd7bcbb000 	C:\WINDOWS\System32\gdi32full.dll
0x00007ffd7b8b0000 - 0x00007ffd7b94d000 	C:\WINDOWS\System32\msvcp_win.dll
0x00007ffd616b0000 - 0x00007ffd6194a000 	C:\WINDOWS\WinSxS\amd64_microsoft.windows.common-controls_6595b64144ccf1df_6.0.19041.1110_none_60b5254171f9507e\COMCTL32.dll
0x00007ffd7d6b0000 - 0x00007ffd7d74e000 	C:\WINDOWS\System32\msvcrt.dll
0x00007ffd7d1b0000 - 0x00007ffd7d1e0000 	C:\WINDOWS\System32\IMM32.DLL
0x00007ffd31c30000 - 0x00007ffd31ccd000 	C:\Program Files\JetBrains\WebStorm 2021.2\jbr\bin\msvcp140.dll
0x00007ffccc9b0000 - 0x00007ffccd4fa000 	C:\Program Files\JetBrains\WebStorm 2021.2\jbr\bin\server\jvm.dll
0x00007ffd7d100000 - 0x00007ffd7d1ae000 	C:\WINDOWS\System32\ADVAPI32.dll
0x00007ffd7d400000 - 0x00007ffd7d49c000 	C:\WINDOWS\System32\sechost.dll
0x00007ffd7d580000 - 0x00007ffd7d6a5000 	C:\WINDOWS\System32\RPCRT4.dll
0x00007ffd7c9a0000 - 0x00007ffd7c9a8000 	C:\WINDOWS\System32\PSAPI.DLL
0x00007ffd681b0000 - 0x00007ffd681b9000 	C:\WINDOWS\SYSTEM32\WSOCK32.dll
0x00007ffd60210000 - 0x00007ffd60237000 	C:\WINDOWS\SYSTEM32\WINMM.dll
0x00007ffd7d750000 - 0x00007ffd7d7bb000 	C:\WINDOWS\System32\WS2_32.dll
0x00007ffd750f0000 - 0x00007ffd750fa000 	C:\WINDOWS\SYSTEM32\VERSION.dll
0x00007ffd792f0000 - 0x00007ffd79302000 	C:\WINDOWS\SYSTEM32\kernel.appcore.dll
0x00007ffd764e0000 - 0x00007ffd764f1000 	C:\Program Files\JetBrains\WebStorm 2021.2\jbr\bin\verify.dll
0x00007ffd71990000 - 0x00007ffd71b74000 	C:\WINDOWS\SYSTEM32\DBGHELP.DLL
0x00007ffd6faa0000 - 0x00007ffd6facc000 	C:\WINDOWS\SYSTEM32\dbgcore.DLL
0x00007ffd7bcc0000 - 0x00007ffd7bd42000 	C:\WINDOWS\System32\bcryptPrimitives.dll
0x00007ffd73480000 - 0x00007ffd734a9000 	C:\Program Files\JetBrains\WebStorm 2021.2\jbr\bin\java.dll
0x00007ffd73840000 - 0x00007ffd7384b000 	C:\Program Files\JetBrains\WebStorm 2021.2\jbr\bin\jimage.dll
0x00007ffd6f170000 - 0x00007ffd6f188000 	C:\Program Files\JetBrains\WebStorm 2021.2\jbr\bin\zip.dll

dbghelp: loaded successfully - version: 4.0.5 - missing functions: none
symbol engine: initialized successfully - sym options: 0x614 - pdb path: .;C:\Program Files\JetBrains\WebStorm 2021.2\jbr\bin;C:\WINDOWS\SYSTEM32;C:\WINDOWS\WinSxS\amd64_microsoft.windows.common-controls_6595b64144ccf1df_6.0.19041.1110_none_60b5254171f9507e;C:\Program Files\JetBrains\WebStorm 2021.2\jbr\bin\server

VM Arguments:
java_command: git4idea.http.GitAskPassApp Username for 'https://github.com': 
java_class_path (initial): C:/Program Files/JetBrains/WebStorm 2021.2/plugins/git4idea/lib/git4idea-rt.jar;C:/Program Files/JetBrains/WebStorm 2021.2/lib/3rd-party.jar
Launcher Type: SUN_STANDARD

[Global flags]
     intx CICompilerCount                          = 4                                         {product} {ergonomic}
     uint ConcGCThreads                            = 3                                         {product} {ergonomic}
     uint G1ConcRefinementThreads                  = 10                                        {product} {ergonomic}
   size_t G1HeapRegionSize                         = 1048576                                   {product} {ergonomic}
    uintx GCDrainStackTargetSize                   = 64                                        {product} {ergonomic}
   size_t InitialHeapSize                          = 266338304                                 {product} {ergonomic}
   size_t MarkStackSize                            = 4194304                                   {product} {ergonomic}
   size_t MaxHeapSize                              = 4248829952                                {product} {ergonomic}
   size_t MinHeapDeltaBytes                        = 1048576                                   {product} {ergonomic}
    uintx NonNMethodCodeHeapSize                   = 5836300                                {pd product} {ergonomic}
    uintx NonProfiledCodeHeapSize                  = 122910970                              {pd product} {ergonomic}
    uintx ProfiledCodeHeapSize                     = 122910970                              {pd product} {ergonomic}
    uintx ReservedCodeCacheSize                    = 251658240                              {pd product} {ergonomic}
     bool SegmentedCodeCache                       = true                                      {product} {ergonomic}
     bool UseCompressedClassPointers               = true                                 {lp64_product} {ergonomic}
     bool UseCompressedOops                        = true                                 {lp64_product} {ergonomic}
     bool UseG1GC                                  = true                                      {product} {ergonomic}
     bool UseLargePagesIndividualAllocation        = false                                  {pd product} {ergonomic}

Logging:
Log output configuration:
 #0: stdout all=warning uptime,level,tags
 #1: stderr all=off uptime,level,tags

Environment Variables:
JAVA_HOME=C:\Program Files\Java\jdk-15.0.2
PATH=C:\Program Files\Git\mingw64\libexec\git-core;C:\Program Files\Git\mingw64\libexec\git-core;C:\Program Files\Git\mingw64\bin;C:\Program Files\Git\usr\bin;C:\Users\hdala\bin;C:\Program Files (x86)\Common Files\Intel\Shared Libraries\redist\intel64\compiler;D:\app\hdalang\product\12.1.0\dbhome_1\bin;C:\Windows\system32;C:\Windows;C:\Windows\System32\Wbem;C:\Windows\System32\WindowsPowerShell\v1.0;C:\Windows\System32\OpenSSH;C:\Program Files (x86)\NVIDIA Corporation\PhysX\Common;C:\Program Files\NVIDIA Corporation\NVIDIA NvDLISR;C:\Users\hdala\.jpm\windows\bin;C:\Program Files\Git\cmd;C:\gradle-7.0.2\bin;C:\apache-maven-3.8.1\bin;C:\HashiCorp\Vagrant\bin;C:\WINDOWS\system32;C:\WINDOWS;C:\WINDOWS\System32\Wbem;C:\WINDOWS\System32\WindowsPowerShell\v1.0;C:\WINDOWS\System32\OpenSSH;C:\Program Files\Docker\Docker\resources\bin;C:\ProgramData\DockerDesktop\version-bin;C:\curl-7.77.0-win64-mingw\bin;C:\kind;C:\Program Files\WSO2\Enterprise Integrator\6.6.0\bin;C:\Program Files\WSO2\Identity Server\5.10.0\bin;C:\Program Files\PuTTY;C:\Program Files\nodejs;C:\Program Files\PostgreSQL\13\bin;C:\Program Files\Java\jdk-11.0.12\bin;C:\Program Files\MySQL\MySQL Shell 8.0\bin;C:\Users\hdala\AppData\Local\Microsoft\WindowsApps;C:\Users\hdala\AppData\Local\Programs\Microsoft VS Code\bin;C:\Program Files\Docker Toolbox;C:\Users\hdala\AppData\Roaming\npm;C:\Program Files\heroku\bin;C:\Program Files\JetBrains\IntelliJ IDEA 2022.1\bin
USERNAME=hdala
DISPLAY=:0.0
LC_ALL=en_US.UTF-8
OS=Windows_NT
PROCESSOR_IDENTIFIER=Intel64 Family 6 Model 165 Stepping 2, GenuineIntel



---------------  S Y S T E M  ---------------

OS: Windows 10 , 64 bit Build 19041 (10.0.19041.1645)
OS uptime: 11 days 0:17 hours
Hyper-V role detected

CPU:total 12 (initial active 12) (6 cores per cpu, 2 threads per core) family 6 model 165 stepping 2 microcode 0xc8, cmov, cx8, fxsr, mmx, sse, sse2, sse3, ssse3, sse4.1, sse4.2, popcnt, avx, avx2, aes, clmul, erms, 3dnowpref, lzcnt, ht, tsc, tscinvbit, bmi1, bmi2, adx, fma

Memory: 4k page, system-wide physical 16203M (223M free)
TotalPageFile size 41741M (AvailPageFile size 233M)
current process WorkingSet (physical memory assigned to process): 10M, peak: 10M
current process commit charge ("private bytes"): 64M, peak: 318M

vm_info: OpenJDK 64-Bit Server VM (11.0.11+9-b1504.13) for windows-amd64 JRE (11.0.11+9-b1504.13), built on Jul 18 2021 03:17:44 by "" with MS VC++ 14.0 (VS2015)

END.
